生成启动时间为 2/5/2015 12:19:17 AM。
     1>项目“C:\Users\SXH\Desktop\GitHubtest\Data-Structures-and-Algorithm-Analysis-in-C\DataStruandAlgAnalysis\DataStruandAlgAnalysis\DataStruandAlgAnalysis.vcxproj”在节点 2 上(build 个目标)。
     1>InitializeBuildStatus:
         正在创建“Debug\DataStruandAlgAnalysis.unsuccessfulbuild”，因为已指定“AlwaysCreate”。
       ClCompile:
         D:\Program Files\VS2010\VC\bin\CL.exe /c /ZI /nologo /W3 /WX- /Od /Oy- /D WIN32 /D _DEBUG /D _CONSOLE /D _UNICODE /D UNICODE /Gm /EHsc /RTC1 /MDd /GS /fp:precise /Zc:wchar_t /Zc:forScope /Fo"Debug\\" /Fd"Debug\vc100.pdb" /Gd /TC /analyze- /errorReport:prompt main.c
         main.c
       ManifestResourceCompile:
         所有输出均为最新。
       Link:
         D:\Program Files\VS2010\VC\bin\link.exe /ERRORREPORT:PROMPT /OUT:"C:\Users\SXH\Desktop\GitHubtest\Data-Structures-and-Algorithm-Analysis-in-C\DataStruandAlgAnalysis\Debug\DataStruandAlgAnalysis.exe" /INCREMENTAL /NOLOGO kernel32.lib user32.lib gdi32.lib winspool.lib comdlg32.lib advapi32.lib shell32.lib ole32.lib oleaut32.lib uuid.lib odbc32.lib odbccp32.lib /MANIFEST /ManifestFile:"Debug\DataStruandAlgAnalysis.exe.intermediate.manifest" /MANIFESTUAC:"level='asInvoker' uiAccess='false'" /DEBUG /PDB:"C:\Users\SXH\Desktop\GitHubtest\Data-Structures-and-Algorithm-Analysis-in-C\DataStruandAlgAnalysis\Debug\DataStruandAlgAnalysis.pdb" /SUBSYSTEM:CONSOLE /TLBID:1 /DYNAMICBASE /NXCOMPAT /IMPLIB:"C:\Users\SXH\Desktop\GitHubtest\Data-Structures-and-Algorithm-Analysis-in-C\DataStruandAlgAnalysis\Debug\DataStruandAlgAnalysis.lib" /MACHINE:X86 Debug\DataStruandAlgAnalysis.exe.embed.manifest.res
         Debug\Algorithm.obj
         Debug\main.obj
       Manifest:
         C:\Program Files\Microsoft SDKs\Windows\v7.0A\bin\mt.exe /nologo /verbose /out:"Debug\DataStruandAlgAnalysis.exe.embed.manifest" /manifest Debug\DataStruandAlgAnalysis.exe.intermediate.manifest
         所有输出均为最新。
       LinkEmbedManifest:
         所有输出均为最新。
         DataStruandAlgAnalysis.vcxproj -> C:\Users\SXH\Desktop\GitHubtest\Data-Structures-and-Algorithm-Analysis-in-C\DataStruandAlgAnalysis\Debug\DataStruandAlgAnalysis.exe
       FinalizeBuildStatus:
         正在删除文件“Debug\DataStruandAlgAnalysis.unsuccessfulbuild”。
         正在对“Debug\DataStruandAlgAnalysis.lastbuildstate”执行 Touch 任务。
     1>已完成生成项目“C:\Users\SXH\Desktop\GitHubtest\Data-Structures-and-Algorithm-Analysis-in-C\DataStruandAlgAnalysis\DataStruandAlgAnalysis\DataStruandAlgAnalysis.vcxproj”(build 个目标)的操作。

生成成功。

已用时间 00:00:00.72
